MIF/HEX Update report for Project
Mon Apr 20 20:11:25 2015
Quartus II 64-Bit Version 12.1 Build 177 11/07/2012 SJ Web Edition


---------------------
; Table of Contents ;
---------------------
  1. Legal Notice
  2. MIF/HEX Update Summary
  3. MIF/HEX Update Processed Files
  4. MIF/HEX Update Messages



----------------
; Legal Notice ;
----------------
Copyright (C) 1991-2012 Altera Corporation
Your use of Altera Corporation's design tools, logic functions 
and other software and tools, and its AMPP partner logic 
functions, and any output files from any of the foregoing 
(including device programming or simulation files), and any 
associated documentation or information are expressly subject 
to the terms and conditions of the Altera Program License 
Subscription Agreement, Altera MegaCore Function License 
Agreement, or other applicable license agreement, including, 
without limitation, that your use is for the sole purpose of 
programming logic devices manufactured by Altera and sold by 
Altera or its authorized distributors.  Please refer to the 
applicable agreement for further details.



+---------------------------------------------------------------+
; MIF/HEX Update Summary                                        ;
+-----------------------+---------------------------------------+
; MIF/HEX Update Status ; Successful - Mon Apr 20 20:11:25 2015 ;
; Revision Name         ; Project                               ;
; Top-level Entity Name ; processor                             ;
; Family                ; Cyclone II                            ;
; Device                ; EP2C35F672C6                          ;
+-----------------------+---------------------------------------+


+------------------------------------------------------------------------------------+
; MIF/HEX Update Processed Files                                                     ;
+------------------------------------------------------------------------------------+
; File Name                                                                          ;
+------------------------------------------------------------------------------------+
; C:/Users/David/Documents/GitHub/csce430/project_pipelined/instr.mif                ;
; C:/Users/David/Documents/GitHub/csce430/project_pipelined/memoryinitialization.mif ;
+------------------------------------------------------------------------------------+


+-------------------------+
; MIF/HEX Update Messages ;
+-------------------------+
Info: *******************************************************************
Info: Running Quartus II 64-Bit MIF/HEX Update
    Info: Version 12.1 Build 177 11/07/2012 SJ Web Edition
    Info: Processing started: Mon Apr 20 20:11:24 2015
Info: Command: quartus_cdb Project -c Project --update_mif
Info (39024): Processed the following Memory Initialization File(s)
    Info (39025): Processed Memory Initialization File C:/Users/David/Documents/GitHub/csce430/project_pipelined/instr.mif
    Info (39025): Processed Memory Initialization File C:/Users/David/Documents/GitHub/csce430/project_pipelined/memoryinitialization.mif
Info: Quartus II 64-Bit MIF/HEX Update was successful. 0 errors, 0 warnings
    Info: Peak virtual memory: 465 megabytes
    Info: Processing ended: Mon Apr 20 20:11:25 2015
    Info: Elapsed time: 00:00:01
    Info: Total CPU time (on all processors): 00:00:02


