Flow report for Project
Mon Apr 06 10:28:53 2015
Quartus II 32-bit Version 12.1 Build 177 11/07/2012 SJ Web Edition


---------------------
; Table of Contents ;
---------------------
  1. Legal Notice
  2. Flow Summary
  3. Flow Settings
  4. Flow Non-Default Global Settings
  5. Flow Elapsed Time
  6. Flow OS Summary
  7. Flow Log



----------------
; Legal Notice ;
----------------
Copyright (C) 1991-2012 Altera Corporation
Your use of Altera Corporation's design tools, logic functions 
and other software and tools, and its AMPP partner logic 
functions, and any output files from any of the foregoing 
(including device programming or simulation files), and any 
associated documentation or information are expressly subject 
to the terms and conditions of the Altera Program License 
Subscription Agreement, Altera MegaCore Function License 
Agreement, or other applicable license agreement, including, 
without limitation, that your use is for the sole purpose of 
programming logic devices manufactured by Altera and sold by 
Altera or its authorized distributors.  Please refer to the 
applicable agreement for further details.



+-------------------------------------------------------------------------------+
; Flow Summary                                                                  ;
+------------------------------------+------------------------------------------+
; Flow Status                        ; Successful - Mon Apr 06 10:28:53 2015    ;
; Quartus II 32-bit Version          ; 12.1 Build 177 11/07/2012 SJ Web Edition ;
; Revision Name                      ; Project                                  ;
; Top-level Entity Name              ; processor                                ;
; Family                             ; Cyclone II                               ;
; Device                             ; EP2C35F672C6                             ;
; Timing Models                      ; Final                                    ;
; Total logic elements               ; 1,075 / 33,216 ( 3 % )                   ;
;     Total combinational functions  ; 792 / 33,216 ( 2 % )                     ;
;     Dedicated logic registers      ; 566 / 33,216 ( 2 % )                     ;
; Total registers                    ; 566                                      ;
; Total pins                         ; 323 / 475 ( 68 % )                       ;
; Total virtual pins                 ; 0                                        ;
; Total memory bits                  ; 49,152 / 483,840 ( 10 % )                ;
; Embedded Multiplier 9-bit elements ; 0 / 70 ( 0 % )                           ;
; Total PLLs                         ; 0 / 4 ( 0 % )                            ;
+------------------------------------+------------------------------------------+


+-----------------------------------------+
; Flow Settings                           ;
+-------------------+---------------------+
; Option            ; Setting             ;
+-------------------+---------------------+
; Start date & time ; 04/06/2015 10:26:41 ;
; Main task         ; Compilation         ;
; Revision Name     ; Project             ;
+-------------------+---------------------+


+---------------------------------------------------------------------------------------------------------------------------------------------------------+
; Flow Non-Default Global Settings                                                                                                                        ;
+-------------------------------------+--------------------------------------------------------------------+---------------+-------------+----------------+
; Assignment Name                     ; Value                                                              ; Default Value ; Entity Name ; Section Id     ;
+-------------------------------------+--------------------------------------------------------------------+---------------+-------------+----------------+
; COMPILER_SIGNATURE_ID               ; 44748154352498.142833400007436                                     ; --            ; --          ; --             ;
; EDA_OUTPUT_DATA_FORMAT              ; Vhdl                                                               ; --            ; --          ; eda_simulation ;
; EDA_SIMULATION_RUN_SCRIPT           ; part1.do                                                           ; --            ; --          ; eda_simulation ;
; EDA_SIMULATION_TOOL                 ; ModelSim-Altera (VHDL)                                             ; <None>        ; --          ; --             ;
; EDA_TEST_BENCH_ENABLE_STATUS        ; COMMAND_MACRO_MODE                                                 ; --            ; --          ; eda_simulation ;
; IP_TOOL_NAME                        ; LPM_FF                                                             ; --            ; --          ; --             ;
; IP_TOOL_NAME                        ; LPM_FF                                                             ; --            ; --          ; --             ;
; IP_TOOL_NAME                        ; LPM_MUX                                                            ; --            ; --          ; --             ;
; IP_TOOL_NAME                        ; LPM_CONSTANT                                                       ; --            ; --          ; --             ;
; IP_TOOL_NAME                        ; LPM_MUX                                                            ; --            ; --          ; --             ;
; IP_TOOL_NAME                        ; LPM_MUX                                                            ; --            ; --          ; --             ;
; IP_TOOL_NAME                        ; LPM_CONSTANT                                                       ; --            ; --          ; --             ;
; IP_TOOL_NAME                        ; LPM_FF                                                             ; --            ; --          ; --             ;
; IP_TOOL_NAME                        ; LPM_FF                                                             ; --            ; --          ; --             ;
; IP_TOOL_NAME                        ; LPM_FF                                                             ; --            ; --          ; --             ;
; IP_TOOL_NAME                        ; LPM_FF                                                             ; --            ; --          ; --             ;
; IP_TOOL_NAME                        ; LPM_FF                                                             ; --            ; --          ; --             ;
; IP_TOOL_NAME                        ; LPM_FF                                                             ; --            ; --          ; --             ;
; IP_TOOL_NAME                        ; LPM_FF                                                             ; --            ; --          ; --             ;
; IP_TOOL_NAME                        ; LPM_MUX                                                            ; --            ; --          ; --             ;
; IP_TOOL_VERSION                     ; 9.1                                                                ; --            ; --          ; --             ;
; IP_TOOL_VERSION                     ; 9.1                                                                ; --            ; --          ; --             ;
; IP_TOOL_VERSION                     ; 12.1                                                               ; --            ; --          ; --             ;
; IP_TOOL_VERSION                     ; 9.1                                                                ; --            ; --          ; --             ;
; IP_TOOL_VERSION                     ; 9.1                                                                ; --            ; --          ; --             ;
; IP_TOOL_VERSION                     ; 11.0                                                               ; --            ; --          ; --             ;
; IP_TOOL_VERSION                     ; 12.1                                                               ; --            ; --          ; --             ;
; IP_TOOL_VERSION                     ; 9.1                                                                ; --            ; --          ; --             ;
; IP_TOOL_VERSION                     ; 9.1                                                                ; --            ; --          ; --             ;
; IP_TOOL_VERSION                     ; 9.1                                                                ; --            ; --          ; --             ;
; IP_TOOL_VERSION                     ; 9.1                                                                ; --            ; --          ; --             ;
; IP_TOOL_VERSION                     ; 9.1                                                                ; --            ; --          ; --             ;
; IP_TOOL_VERSION                     ; 9.1                                                                ; --            ; --          ; --             ;
; IP_TOOL_VERSION                     ; 9.1                                                                ; --            ; --          ; --             ;
; IP_TOOL_VERSION                     ; 12.1                                                               ; --            ; --          ; --             ;
; MAX_CORE_JUNCTION_TEMP              ; 85                                                                 ; --            ; --          ; --             ;
; MIN_CORE_JUNCTION_TEMP              ; 0                                                                  ; --            ; --          ; --             ;
; MISC_FILE                           ; REG_1BIT.tdf                                                       ; --            ; --          ; --             ;
; MISC_FILE                           ; REG_1BIT.bsf                                                       ; --            ; --          ; --             ;
; MISC_FILE                           ; REG_1BIT.inc                                                       ; --            ; --          ; --             ;
; MISC_FILE                           ; REG_1BIT.cmp                                                       ; --            ; --          ; --             ;
; MISC_FILE                           ; Reg_16.tdf                                                         ; --            ; --          ; --             ;
; MISC_FILE                           ; Reg_16.bsf                                                         ; --            ; --          ; --             ;
; MISC_FILE                           ; Reg_16.inc                                                         ; --            ; --          ; --             ;
; MISC_FILE                           ; MUX_3TO1.bsf                                                       ; --            ; --          ; --             ;
; MISC_FILE                           ; MUX_3TO1.cmp                                                       ; --            ; --          ; --             ;
; MISC_FILE                           ; FIFTEENCONST.tdf                                                   ; --            ; --          ; --             ;
; MISC_FILE                           ; FIFTEENCONST.bsf                                                   ; --            ; --          ; --             ;
; MISC_FILE                           ; FIFTEENCONST.inc                                                   ; --            ; --          ; --             ;
; MISC_FILE                           ; MUX4BIT_3TO1.tdf                                                   ; --            ; --          ; --             ;
; MISC_FILE                           ; MUX4BIT_3TO1.bsf                                                   ; --            ; --          ; --             ;
; MISC_FILE                           ; MUX4BIT_3TO1.inc                                                   ; --            ; --          ; --             ;
; MISC_FILE                           ; MUX_2_24BIT.bsf                                                    ; --            ; --          ; --             ;
; MISC_FILE                           ; MUX_2_24BIT.cmp                                                    ; --            ; --          ; --             ;
; MISC_FILE                           ; CONST_ONE.bsf                                                      ; --            ; --          ; --             ;
; MISC_FILE                           ; CONST_ONE.cmp                                                      ; --            ; --          ; --             ;
; MISC_FILE                           ; REG_16BIT_SCLR.tdf                                                 ; --            ; --          ; --             ;
; MISC_FILE                           ; REG_16BIT_SCLR.bsf                                                 ; --            ; --          ; --             ;
; MISC_FILE                           ; REG_16BIT_SCLR.inc                                                 ; --            ; --          ; --             ;
; MISC_FILE                           ; REG_16BIT_SCLR.cmp                                                 ; --            ; --          ; --             ;
; MISC_FILE                           ; REG_24BIT_SCLR.tdf                                                 ; --            ; --          ; --             ;
; MISC_FILE                           ; REG_24BIT_SCLR.bsf                                                 ; --            ; --          ; --             ;
; MISC_FILE                           ; REG_24BIT_SCLR.inc                                                 ; --            ; --          ; --             ;
; MISC_FILE                           ; REG_24BIT_SCLR.cmp                                                 ; --            ; --          ; --             ;
; MISC_FILE                           ; REG_1BIT_SCLR.tdf                                                  ; --            ; --          ; --             ;
; MISC_FILE                           ; REG_1BIT_SCLR.bsf                                                  ; --            ; --          ; --             ;
; MISC_FILE                           ; REG_1BIT_SCLR.inc                                                  ; --            ; --          ; --             ;
; MISC_FILE                           ; REG_1BIT_SCLR.cmp                                                  ; --            ; --          ; --             ;
; MISC_FILE                           ; REG_2BIT_SCLR.tdf                                                  ; --            ; --          ; --             ;
; MISC_FILE                           ; REG_2BIT_SCLR.bsf                                                  ; --            ; --          ; --             ;
; MISC_FILE                           ; REG_2BIT_SCLR.inc                                                  ; --            ; --          ; --             ;
; MISC_FILE                           ; REG_2BIT_SCLR.cmp                                                  ; --            ; --          ; --             ;
; MISC_FILE                           ; REG_4BIT_SCLR.tdf                                                  ; --            ; --          ; --             ;
; MISC_FILE                           ; REG_4BIT_SCLR.bsf                                                  ; --            ; --          ; --             ;
; MISC_FILE                           ; REG_4BIT_SCLR.inc                                                  ; --            ; --          ; --             ;
; MISC_FILE                           ; REG_4BIT_SCLR.cmp                                                  ; --            ; --          ; --             ;
; MISC_FILE                           ; REG_16BIT_SCLR_ENBL.tdf                                            ; --            ; --          ; --             ;
; MISC_FILE                           ; REG_16BIT_SCLR_ENBL.bsf                                            ; --            ; --          ; --             ;
; MISC_FILE                           ; REG_16BIT_SCLR_ENBL.inc                                            ; --            ; --          ; --             ;
; MISC_FILE                           ; REG_16BIT_SCLR_ENBL.cmp                                            ; --            ; --          ; --             ;
; MISC_FILE                           ; REG_24BIT_SCLR_ENBL.tdf                                            ; --            ; --          ; --             ;
; MISC_FILE                           ; REG_24BIT_SCLR_ENBL.bsf                                            ; --            ; --          ; --             ;
; MISC_FILE                           ; REG_24BIT_SCLR_ENBL.inc                                            ; --            ; --          ; --             ;
; MISC_FILE                           ; REG_24BIT_SCLR_ENBL.cmp                                            ; --            ; --          ; --             ;
; MISC_FILE                           ; MUX_2_15BIT.bsf                                                    ; --            ; --          ; --             ;
; MISC_FILE                           ; MUX_2_15BIT.cmp                                                    ; --            ; --          ; --             ;
; PARTITION_COLOR                     ; 16764057                                                           ; --            ; processor   ; Top            ;
; PARTITION_FITTER_PRESERVATION_LEVEL ; PLACEMENT_AND_ROUTING                                              ; --            ; processor   ; Top            ;
; PARTITION_NETLIST_TYPE              ; SOURCE                                                             ; --            ; processor   ; Top            ;
; POWER_BOARD_THERMAL_MODEL           ; None (CONSERVATIVE)                                                ; --            ; --          ; --             ;
; POWER_PRESET_COOLING_SOLUTION       ; 23 MM HEAT SINK WITH 200 LFPM AIRFLOW                              ; --            ; --          ; --             ;
; SEARCH_PATH                         ; ALU/                                                               ; --            ; --          ; --             ;
; SEARCH_PATH                         ; Register/                                                          ; --            ; --          ; --             ;
; SEARCH_PATH                         ; IOmem/                                                             ; --            ; --          ; --             ;
; SEARCH_PATH                         ; My Box Files/School/CSCE230 Project/ProjectPart4Complete_restored/ ; --            ; --          ; --             ;
; SEARCH_PATH                         ; Pipeline Files/                                                    ; --            ; --          ; --             ;
; TOP_LEVEL_ENTITY                    ; processor                                                          ; Project       ; --          ; --             ;
; USE_GENERATED_PHYSICAL_CONSTRAINTS  ; Off                                                                ; --            ; --          ; eda_blast_fpga ;
+-------------------------------------+--------------------------------------------------------------------+---------------+-------------+----------------+


+-------------------------------------------------------------------------------------------------------------------------------+
; Flow Elapsed Time                                                                                                             ;
+---------------------------+--------------+-------------------------+---------------------+------------------------------------+
; Module Name               ; Elapsed Time ; Average Processors Used ; Peak Virtual Memory ; Total CPU Time (on all processors) ;
+---------------------------+--------------+-------------------------+---------------------+------------------------------------+
; Analysis & Synthesis      ; 00:00:15     ; 1.0                     ; 410 MB              ; 00:00:11                           ;
; Fitter                    ; 00:00:27     ; 1.0                     ; 467 MB              ; 00:00:24                           ;
; Assembler                 ; 00:00:04     ; 1.0                     ; 360 MB              ; 00:00:04                           ;
; TimeQuest Timing Analyzer ; 00:00:03     ; 1.0                     ; 332 MB              ; 00:00:02                           ;
; EDA Netlist Writer        ; 00:00:02     ; 1.0                     ; 321 MB              ; 00:00:02                           ;
; MIF/HEX Update            ; 00:00:02     ; 1.0                     ; 362 MB              ; 00:00:01                           ;
; Total                     ; 00:00:53     ; --                      ; --                  ; 00:00:44                           ;
+---------------------------+--------------+-------------------------+---------------------+------------------------------------+


+----------------------------------------------------------------------------------------+
; Flow OS Summary                                                                        ;
+---------------------------+------------------+-----------+------------+----------------+
; Module Name               ; Machine Hostname ; OS Name   ; OS Version ; Processor type ;
+---------------------------+------------------+-----------+------------+----------------+
; Analysis & Synthesis      ; NewBox           ; Windows 7 ; 6.2        ; x86_64         ;
; Fitter                    ; NewBox           ; Windows 7 ; 6.2        ; x86_64         ;
; Assembler                 ; NewBox           ; Windows 7 ; 6.2        ; x86_64         ;
; TimeQuest Timing Analyzer ; NewBox           ; Windows 7 ; 6.2        ; x86_64         ;
; EDA Netlist Writer        ; NewBox           ; Windows 7 ; 6.2        ; x86_64         ;
; MIF/HEX Update            ; NewBox           ; Windows 7 ; 6.2        ; x86_64         ;
+---------------------------+------------------+-----------+------------+----------------+


------------
; Flow Log ;
------------
quartus_map --read_settings_files=on --write_settings_files=off Project -c Project
quartus_fit --read_settings_files=off --write_settings_files=off Project -c Project
quartus_asm --read_settings_files=off --write_settings_files=off Project -c Project
quartus_sta Project -c Project
quartus_eda --read_settings_files=off --write_settings_files=off Project -c Project
quartus_cdb Project -c Project --update_mif



