Flow report for Lab6
Wed Feb 19 18:28:38 2014
Quartus II 64-Bit Version 9.1 Build 350 03/24/2010 Service Pack 2 SJ Full Version


---------------------
; Table of Contents ;
---------------------
  1. Legal Notice
  2. Flow Summary
  3. Flow Settings
  4. Flow Non-Default Global Settings
  5. Flow Elapsed Time
  6. Flow OS Summary
  7. Flow Log



----------------
; Legal Notice ;
----------------
Copyright (C) 1991-2010 Altera Corporation
Your use of Altera Corporation's design tools, logic functions 
and other software and tools, and its AMPP partner logic 
functions, and any output files from any of the foregoing 
(including device programming or simulation files), and any 
associated documentation or information are expressly subject 
to the terms and conditions of the Altera Program License 
Subscription Agreement, Altera MegaCore Function License 
Agreement, or other applicable license agreement, including, 
without limitation, that your use is for the sole purpose of 
programming logic devices manufactured by Altera and sold by 
Altera or its authorized distributors.  Please refer to the 
applicable agreement for further details.



+-------------------------------------------------------------------------------+
; Flow Summary                                                                  ;
+-------------------------------+-----------------------------------------------+
; Flow Status                   ; Successful - Wed Feb 19 18:28:38 2014         ;
; Quartus II 64-Bit Version     ; 9.1 Build 350 03/24/2010 SP 2 SJ Full Version ;
; Revision Name                 ; Lab6                                          ;
; Top-level Entity Name         ; Decoder3to8                                   ;
; Family                        ; Stratix II                                    ;
; Met timing requirements       ; Yes                                           ;
; Logic utilization             ; < 1 %                                         ;
;     Combinational ALUTs       ; 8 / 12,480 ( < 1 % )                          ;
;     Dedicated logic registers ; 0 / 12,480 ( 0 % )                            ;
; Total registers               ; 0                                             ;
; Total pins                    ; 11 / 343 ( 3 % )                              ;
; Total virtual pins            ; 0                                             ;
; Total block memory bits       ; 0 / 419,328 ( 0 % )                           ;
; DSP block 9-bit elements      ; 0 / 96 ( 0 % )                                ;
; Total PLLs                    ; 0 / 6 ( 0 % )                                 ;
; Total DLLs                    ; 0 / 2 ( 0 % )                                 ;
; Device                        ; EP2S15F484C3                                  ;
; Timing Models                 ; Final                                         ;
+-------------------------------+-----------------------------------------------+


+-----------------------------------------+
; Flow Settings                           ;
+-------------------+---------------------+
; Option            ; Setting             ;
+-------------------+---------------------+
; Start date & time ; 02/19/2014 18:28:28 ;
; Main task         ; Compilation         ;
; Revision Name     ; Lab6                ;
+-------------------+---------------------+


+---------------------------------------------------------------------------------------------------------------------+
; Flow Non-Default Global Settings                                                                                    ;
+------------------------------------+---------------------------------+---------------+-------------+----------------+
; Assignment Name                    ; Value                           ; Default Value ; Entity Name ; Section Id     ;
+------------------------------------+---------------------------------+---------------+-------------+----------------+
; COMPILER_SIGNATURE_ID              ; 123633790394713.139285610803664 ; --            ; --          ; --             ;
; EDA_OUTPUT_DATA_FORMAT             ; Vhdl                            ; --            ; --          ; eda_simulation ;
; EDA_SIMULATION_RUN_SCRIPT          ; Decoder3to8.do                  ; --            ; --          ; eda_simulation ;
; EDA_SIMULATION_TOOL                ; ModelSim-Altera (VHDL)          ; <None>        ; --          ; --             ;
; EDA_TEST_BENCH_ENABLE_STATUS       ; COMMAND_MACRO_MODE              ; --            ; --          ; eda_simulation ;
; PARTITION_COLOR                    ; 16764057                        ; --            ; Decoder3to8 ; Top            ;
; PARTITION_NETLIST_TYPE             ; SOURCE                          ; --            ; Decoder3to8 ; Top            ;
; TOP_LEVEL_ENTITY                   ; Decoder3to8                     ; Lab6          ; --          ; --             ;
; USE_GENERATED_PHYSICAL_CONSTRAINTS ; Off                             ; --            ; --          ; eda_blast_fpga ;
+------------------------------------+---------------------------------+---------------+-------------+----------------+


+-----------------------------------------------------------------------------------------------------------------------------+
; Flow Elapsed Time                                                                                                           ;
+-------------------------+--------------+-------------------------+---------------------+------------------------------------+
; Module Name             ; Elapsed Time ; Average Processors Used ; Peak Virtual Memory ; Total CPU Time (on all processors) ;
+-------------------------+--------------+-------------------------+---------------------+------------------------------------+
; Analysis & Synthesis    ; 00:00:01     ; 1.0                     ; 301 MB              ; 00:00:01                           ;
; Fitter                  ; 00:00:03     ; 1.0                     ; 357 MB              ; 00:00:03                           ;
; Assembler               ; 00:00:02     ; 1.0                     ; 274 MB              ; 00:00:01                           ;
; Classic Timing Analyzer ; 00:00:01     ; 1.0                     ; 199 MB              ; 00:00:00                           ;
; EDA Netlist Writer      ; 00:00:01     ; 1.0                     ; 208 MB              ; 00:00:00                           ;
; Total                   ; 00:00:08     ; --                      ; --                  ; 00:00:05                           ;
+-------------------------+--------------+-------------------------+---------------------+------------------------------------+


+------------------------------------------------------------------------------------------+
; Flow OS Summary                                                                          ;
+-------------------------+------------------+---------------+------------+----------------+
; Module Name             ; Machine Hostname ; OS Name       ; OS Version ; Processor type ;
+-------------------------+------------------+---------------+------------+----------------+
; Analysis & Synthesis    ; CSELAB4-98       ; Windows Vista ; 6.1        ; x86_64         ;
; Fitter                  ; CSELAB4-98       ; Windows Vista ; 6.1        ; x86_64         ;
; Assembler               ; CSELAB4-98       ; Windows Vista ; 6.1        ; x86_64         ;
; Classic Timing Analyzer ; CSELAB4-98       ; Windows Vista ; 6.1        ; x86_64         ;
; EDA Netlist Writer      ; CSELAB4-98       ; Windows Vista ; 6.1        ; x86_64         ;
+-------------------------+------------------+---------------+------------+----------------+


------------
; Flow Log ;
------------
quartus_map --read_settings_files=on --write_settings_files=off Lab6 -c Lab6
quartus_fit --read_settings_files=off --write_settings_files=off Lab6 -c Lab6
quartus_asm --read_settings_files=off --write_settings_files=off Lab6 -c Lab6
quartus_tan --read_settings_files=off --write_settings_files=off Lab6 -c Lab6 --timing_analysis_only
quartus_eda --read_settings_files=off --write_settings_files=off Lab6 -c Lab6



