Analysis & Synthesis report for Lab9
Wed Mar 12 17:13:27 2014
Quartus II 64-Bit Version 9.1 Build 350 03/24/2010 Service Pack 2 SJ Full Version


---------------------
; Table of Contents ;
---------------------
  1. Legal Notice
  2. Analysis & Synthesis Summary
  3. Analysis & Synthesis Settings
  4. Parallel Compilation
  5. Analysis & Synthesis Source Files Read
  6. Analysis & Synthesis Resource Usage Summary
  7. Analysis & Synthesis Resource Utilization by Entity
  8. Registers Removed During Synthesis
  9. General Register Statistics
 10. Multiplexer Restructuring Statistics (Restructuring Performed)
 11. Parameter Settings for Inferred Entity Instance: lpm_divide:Mod0
 12. Analysis & Synthesis Messages



----------------
; Legal Notice ;
----------------
Copyright (C) 1991-2010 Altera Corporation
Your use of Altera Corporation's design tools, logic functions 
and other software and tools, and its AMPP partner logic 
functions, and any output files from any of the foregoing 
(including device programming or simulation files), and any 
associated documentation or information are expressly subject 
to the terms and conditions of the Altera Program License 
Subscription Agreement, Altera MegaCore Function License 
Agreement, or other applicable license agreement, including, 
without limitation, that your use is for the sole purpose of 
programming logic devices manufactured by Altera and sold by 
Altera or its authorized distributors.  Please refer to the 
applicable agreement for further details.



+-------------------------------------------------------------------------------+
; Analysis & Synthesis Summary                                                  ;
+-------------------------------+-----------------------------------------------+
; Analysis & Synthesis Status   ; Successful - Wed Mar 12 17:13:27 2014         ;
; Quartus II 64-Bit Version     ; 9.1 Build 350 03/24/2010 SP 2 SJ Full Version ;
; Revision Name                 ; Lab9                                          ;
; Top-level Entity Name         ; controlUnit                                   ;
; Family                        ; Stratix II                                    ;
; Logic utilization             ; N/A                                           ;
;     Combinational ALUTs       ; 1,640                                         ;
;     Dedicated logic registers ; 38                                            ;
; Total registers               ; 38                                            ;
; Total pins                    ; 38                                            ;
; Total virtual pins            ; 0                                             ;
; Total block memory bits       ; 0                                             ;
; DSP block 9-bit elements      ; 0                                             ;
; Total PLLs                    ; 0                                             ;
; Total DLLs                    ; 0                                             ;
+-------------------------------+-----------------------------------------------+


+----------------------------------------------------------------------------------------------------------------------+
; Analysis & Synthesis Settings                                                                                        ;
+----------------------------------------------------------------------------+--------------------+--------------------+
; Option                                                                     ; Setting            ; Default Value      ;
+----------------------------------------------------------------------------+--------------------+--------------------+
; Top-level entity name                                                      ; controlUnit        ; Lab9               ;
; Family name                                                                ; Stratix II         ; Stratix II         ;
; Type of Retiming Performed During Resynthesis                              ; Full               ;                    ;
; Resynthesis Optimization Effort                                            ; Normal             ;                    ;
; Physical Synthesis Level for Resynthesis                                   ; Normal             ;                    ;
; Use Generated Physical Constraints File                                    ; Off                ;                    ;
; Use smart compilation                                                      ; Off                ; Off                ;
; Enable parallel Assembler and TimeQuest Timing Analyzer during compilation ; On                 ; On                 ;
; Enable compact report table                                                ; Off                ; Off                ;
; Restructure Multiplexers                                                   ; Auto               ; Auto               ;
; Create Debugging Nodes for IP Cores                                        ; Off                ; Off                ;
; Preserve fewer node names                                                  ; On                 ; On                 ;
; Disable OpenCore Plus hardware evaluation                                  ; Off                ; Off                ;
; Verilog Version                                                            ; Verilog_2001       ; Verilog_2001       ;
; VHDL Version                                                               ; VHDL_1993          ; VHDL_1993          ;
; State Machine Processing                                                   ; Auto               ; Auto               ;
; Safe State Machine                                                         ; Off                ; Off                ;
; Extract Verilog State Machines                                             ; On                 ; On                 ;
; Extract VHDL State Machines                                                ; On                 ; On                 ;
; Ignore Verilog initial constructs                                          ; Off                ; Off                ;
; Iteration limit for constant Verilog loops                                 ; 5000               ; 5000               ;
; Iteration limit for non-constant Verilog loops                             ; 250                ; 250                ;
; Add Pass-Through Logic to Inferred RAMs                                    ; On                 ; On                 ;
; Parallel Synthesis                                                         ; On                 ; On                 ;
; DSP Block Balancing                                                        ; Auto               ; Auto               ;
; NOT Gate Push-Back                                                         ; On                 ; On                 ;
; Power-Up Don't Care                                                        ; On                 ; On                 ;
; Remove Redundant Logic Cells                                               ; Off                ; Off                ;
; Remove Duplicate Registers                                                 ; On                 ; On                 ;
; Ignore CARRY Buffers                                                       ; Off                ; Off                ;
; Ignore CASCADE Buffers                                                     ; Off                ; Off                ;
; Ignore GLOBAL Buffers                                                      ; Off                ; Off                ;
; Ignore ROW GLOBAL Buffers                                                  ; Off                ; Off                ;
; Ignore LCELL Buffers                                                       ; Off                ; Off                ;
; Ignore SOFT Buffers                                                        ; On                 ; On                 ;
; Limit AHDL Integers to 32 Bits                                             ; Off                ; Off                ;
; Optimization Technique                                                     ; Balanced           ; Balanced           ;
; Carry Chain Length                                                         ; 70                 ; 70                 ;
; Auto Carry Chains                                                          ; On                 ; On                 ;
; Auto Open-Drain Pins                                                       ; On                 ; On                 ;
; Perform WYSIWYG Primitive Resynthesis                                      ; Off                ; Off                ;
; Auto ROM Replacement                                                       ; On                 ; On                 ;
; Auto RAM Replacement                                                       ; On                 ; On                 ;
; Auto DSP Block Replacement                                                 ; On                 ; On                 ;
; Auto Shift Register Replacement                                            ; Auto               ; Auto               ;
; Auto Clock Enable Replacement                                              ; On                 ; On                 ;
; Strict RAM Replacement                                                     ; Off                ; Off                ;
; Allow Synchronous Control Signals                                          ; On                 ; On                 ;
; Force Use of Synchronous Clear Signals                                     ; Off                ; Off                ;
; Auto RAM Block Balancing                                                   ; On                 ; On                 ;
; Auto RAM to Logic Cell Conversion                                          ; Off                ; Off                ;
; Auto Resource Sharing                                                      ; Off                ; Off                ;
; Allow Any RAM Size For Recognition                                         ; Off                ; Off                ;
; Allow Any ROM Size For Recognition                                         ; Off                ; Off                ;
; Allow Any Shift Register Size For Recognition                              ; Off                ; Off                ;
; Use LogicLock Constraints during Resource Balancing                        ; On                 ; On                 ;
; Ignore translate_off and synthesis_off directives                          ; Off                ; Off                ;
; Timing-Driven Synthesis                                                    ; Off                ; Off                ;
; Show Parameter Settings Tables in Synthesis Report                         ; On                 ; On                 ;
; Ignore Maximum Fan-Out Assignments                                         ; Off                ; Off                ;
; Synchronization Register Chain Length                                      ; 2                  ; 2                  ;
; PowerPlay Power Optimization                                               ; Normal compilation ; Normal compilation ;
; HDL message level                                                          ; Level2             ; Level2             ;
; Suppress Register Optimization Related Messages                            ; Off                ; Off                ;
; Number of Removed Registers Reported in Synthesis Report                   ; 5000               ; 5000               ;
; Number of Inverted Registers Reported in Synthesis Report                  ; 100                ; 100                ;
; Clock MUX Protection                                                       ; On                 ; On                 ;
; Auto Gated Clock Conversion                                                ; Off                ; Off                ;
; Block Design Naming                                                        ; Auto               ; Auto               ;
; SDC constraint protection                                                  ; Off                ; Off                ;
; Synthesis Effort                                                           ; Auto               ; Auto               ;
; Shift Register Replacement - Allow Asynchronous Clear Signal               ; On                 ; On                 ;
; Analysis & Synthesis Message Level                                         ; Medium             ; Medium             ;
; Disable Register Merging Across Hierarchies                                ; Auto               ; Auto               ;
; Resource Aware Inference For Block RAM                                     ; On                 ; On                 ;
+----------------------------------------------------------------------------+--------------------+--------------------+


+------------------------------------------+
; Parallel Compilation                     ;
+----------------------------+-------------+
; Processors                 ; Number      ;
+----------------------------+-------------+
; Number detected on machine ; 2           ;
; Maximum allowed            ; 2           ;
;                            ;             ;
; Average used               ; 1.00        ;
; Maximum used               ; 1           ;
;                            ;             ;
; Usage by Processor         ; % Time Used ;
;     1 processor            ; 100.0%      ;
;     2 processors           ;   0.0%      ;
+----------------------------+-------------+


+-------------------------------------------------------------------------------------------------------------------------------------------------+
; Analysis & Synthesis Source Files Read                                                                                                          ;
+----------------------------------+-----------------+------------------------------+-------------------------------------------------------------+
; File Name with User-Entered Path ; Used in Netlist ; File Type                    ; File Name with Absolute Path                                ;
+----------------------------------+-----------------+------------------------------+-------------------------------------------------------------+
; controlUnit.vhd                  ; yes             ; User VHDL File               ; C:/Lab9/controlUnit.vhd                                     ;
; lpm_divide.tdf                   ; yes             ; Megafunction                 ; c:/altera/91/quartus/libraries/megafunctions/lpm_divide.tdf ;
; db/lpm_divide_smo.tdf            ; yes             ; Auto-Generated Megafunction  ; C:/Lab9/db/lpm_divide_smo.tdf                               ;
; db/abs_divider_4dg.tdf           ; yes             ; Auto-Generated Megafunction  ; C:/Lab9/db/abs_divider_4dg.tdf                              ;
; db/alt_u_div_m6f.tdf             ; yes             ; Auto-Generated Megafunction  ; C:/Lab9/db/alt_u_div_m6f.tdf                                ;
; db/lpm_abs_2t9.tdf               ; yes             ; Auto-Generated Megafunction  ; C:/Lab9/db/lpm_abs_2t9.tdf                                  ;
+----------------------------------+-----------------+------------------------------+-------------------------------------------------------------+


+-------------------------------------------------------+
; Analysis & Synthesis Resource Usage Summary           ;
+-----------------------------------------------+-------+
; Resource                                      ; Usage ;
+-----------------------------------------------+-------+
; Estimated ALUTs Used                          ; 1640  ;
; Dedicated logic registers                     ; 38    ;
;                                               ;       ;
; Estimated ALUTs Unavailable                   ; 49    ;
;                                               ;       ;
; Total combinational functions                 ; 1640  ;
; Combinational ALUT usage by number of inputs  ;       ;
;     -- 7 input functions                      ; 1     ;
;     -- 6 input functions                      ; 48    ;
;     -- 5 input functions                      ; 147   ;
;     -- 4 input functions                      ; 411   ;
;     -- <=3 input functions                    ; 1033  ;
;                                               ;       ;
; Combinational ALUTs by mode                   ;       ;
;     -- normal mode                            ; 924   ;
;     -- extended LUT mode                      ; 1     ;
;     -- arithmetic mode                        ; 715   ;
;     -- shared arithmetic mode                 ; 0     ;
;                                               ;       ;
; Estimated ALUT/register pairs used            ; 1689  ;
;                                               ;       ;
; Total registers                               ; 38    ;
;     -- Dedicated logic registers              ; 38    ;
;     -- I/O registers                          ; 0     ;
;                                               ;       ;
; Estimated ALMs:  partially or completely used ; 845   ;
;                                               ;       ;
; I/O pins                                      ; 38    ;
; Maximum fan-out node                          ; reset ;
; Maximum fan-out                               ; 104   ;
; Total fan-out                                 ; 5532  ;
; Average fan-out                               ; 3.22  ;
+-----------------------------------------------+-------+


+------------------------------------------------------------------------------------------------------------------------------------------------------------------------------------------------------------------------------------------------------------------------------------------------+
; Analysis & Synthesis Resource Utilization by Entity                                                                                                                                                                                                                                            ;
+---------------------------------------+-------------------+--------------+-------------------+--------------+---------+-----------+-----------+------+--------------+-----------------------------------------------------------------------------------------------------------+--------------+
; Compilation Hierarchy Node            ; LC Combinationals ; LC Registers ; Block Memory Bits ; DSP Elements ; DSP 9x9 ; DSP 18x18 ; DSP 36x36 ; Pins ; Virtual Pins ; Full Hierarchy Name                                                                                       ; Library Name ;
+---------------------------------------+-------------------+--------------+-------------------+--------------+---------+-----------+-----------+------+--------------+-----------------------------------------------------------------------------------------------------------+--------------+
; |controlUnit                          ; 1640 (176)        ; 38 (38)      ; 0                 ; 0            ; 0       ; 0         ; 0         ; 38   ; 0            ; |controlUnit                                                                                              ; work         ;
;    |lpm_divide:Mod0|                  ; 1464 (0)          ; 0 (0)        ; 0                 ; 0            ; 0       ; 0         ; 0         ; 0    ; 0            ; |controlUnit|lpm_divide:Mod0                                                                              ;              ;
;       |lpm_divide_smo:auto_generated| ; 1464 (0)          ; 0 (0)        ; 0                 ; 0            ; 0       ; 0         ; 0         ; 0    ; 0            ; |controlUnit|lpm_divide:Mod0|lpm_divide_smo:auto_generated                                                ;              ;
;          |abs_divider_4dg:divider|    ; 1464 (64)         ; 0 (0)        ; 0                 ; 0            ; 0       ; 0         ; 0         ; 0    ; 0            ; |controlUnit|lpm_divide:Mod0|lpm_divide_smo:auto_generated|abs_divider_4dg:divider                        ;              ;
;             |alt_u_div_m6f:divider|   ; 1368 (1368)       ; 0 (0)        ; 0                 ; 0            ; 0       ; 0         ; 0         ; 0    ; 0            ; |controlUnit|lpm_divide:Mod0|lpm_divide_smo:auto_generated|abs_divider_4dg:divider|alt_u_div_m6f:divider  ;              ;
;             |lpm_abs_2t9:my_abs_num|  ; 32 (32)           ; 0 (0)        ; 0                 ; 0            ; 0       ; 0         ; 0         ; 0    ; 0            ; |controlUnit|lpm_divide:Mod0|lpm_divide_smo:auto_generated|abs_divider_4dg:divider|lpm_abs_2t9:my_abs_num ;              ;
+---------------------------------------+-------------------+--------------+-------------------+--------------+---------+-----------+-----------+------+--------------+-----------------------------------------------------------------------------------------------------------+--------------+
Note: For table entries with two numbers listed, the numbers in parentheses indicate the number of resources of the given type used by the specific entity alone. The numbers listed outside of parentheses indicate the total resources of the given type used by the specific entity and all of its sub-entities in the hierarchy.


+---------------------------------------------------------------------------------+
; Registers Removed During Synthesis                                              ;
+----------------------------------------+----------------------------------------+
; Register name                          ; Reason for Removal                     ;
+----------------------------------------+----------------------------------------+
; extend[0]~reg0                         ; Stuck at GND due to stuck port data_in ;
; ma_select~reg0                         ; Stuck at VCC due to stuck port data_in ;
; mem_write~reg0                         ; Stuck at GND due to stuck port data_in ;
; pc_select~reg0                         ; Stuck at VCC due to stuck port data_in ;
; inc_select~reg0                        ; Stuck at GND due to stuck port data_in ;
; extend[1]~reg0                         ; Stuck at GND due to stuck port data_in ;
; a_inv~reg0                             ; Stuck at GND due to stuck port data_in ;
; b_select~reg0                          ; Stuck at GND due to stuck port data_in ;
; y_select[0]~reg0                       ; Stuck at GND due to stuck port data_in ;
; y_select[1]~reg0                       ; Stuck at GND due to stuck port data_in ;
; c_select[0]~reg0                       ; Stuck at VCC due to stuck port data_in ;
; c_select[1]~reg0                       ; Stuck at GND due to stuck port data_in ;
; mem_read~reg0                          ; Merged with ir_enable~reg0             ;
; wmfc                                   ; Merged with ir_enable~reg0             ;
; Total Number of Removed Registers = 14 ;                                        ;
+----------------------------------------+----------------------------------------+


+------------------------------------------------------+
; General Register Statistics                          ;
+----------------------------------------------+-------+
; Statistic                                    ; Value ;
+----------------------------------------------+-------+
; Total registers                              ; 38    ;
; Number of registers using Synchronous Clear  ; 0     ;
; Number of registers using Synchronous Load   ; 32    ;
; Number of registers using Asynchronous Clear ; 0     ;
; Number of registers using Asynchronous Load  ; 0     ;
; Number of registers using Clock Enable       ; 2     ;
; Number of registers using Preset             ; 0     ;
+----------------------------------------------+-------+


+-------------------------------------------------------------------------------------------------------------------------------------------+
; Multiplexer Restructuring Statistics (Restructuring Performed)                                                                            ;
+--------------------+-----------+---------------+----------------------+------------------------+------------+-----------------------------+
; Multiplexer Inputs ; Bus Width ; Baseline Area ; Area if Restructured ; Saving if Restructured ; Registered ; Example Multiplexer Output  ;
+--------------------+-----------+---------------+----------------------+------------------------+------------+-----------------------------+
; 12:1               ; 2 bits    ; 16 ALUTs      ; 8 ALUTs              ; 8 ALUTs                ; Yes        ; |controlUnit|alu_op[1]~reg0 ;
+--------------------+-----------+---------------+----------------------+------------------------+------------+-----------------------------+


+------------------------------------------------------------------+
; Parameter Settings for Inferred Entity Instance: lpm_divide:Mod0 ;
+------------------------+----------------+------------------------+
; Parameter Name         ; Value          ; Type                   ;
+------------------------+----------------+------------------------+
; LPM_WIDTHN             ; 32             ; Untyped                ;
; LPM_WIDTHD             ; 32             ; Untyped                ;
; LPM_NREPRESENTATION    ; SIGNED         ; Untyped                ;
; LPM_DREPRESENTATION    ; SIGNED         ; Untyped                ;
; LPM_PIPELINE           ; 0              ; Untyped                ;
; LPM_REMAINDERPOSITIVE  ; FALSE          ; Untyped                ;
; MAXIMIZE_SPEED         ; 5              ; Untyped                ;
; CBXI_PARAMETER         ; lpm_divide_smo ; Untyped                ;
; CARRY_CHAIN            ; MANUAL         ; Untyped                ;
; OPTIMIZE_FOR_SPEED     ; 5              ; Untyped                ;
; AUTO_CARRY_CHAINS      ; ON             ; AUTO_CARRY             ;
; IGNORE_CARRY_BUFFERS   ; OFF            ; IGNORE_CARRY           ;
; AUTO_CASCADE_CHAINS    ; ON             ; AUTO_CASCADE           ;
; IGNORE_CASCADE_BUFFERS ; OFF            ; IGNORE_CASCADE         ;
+------------------------+----------------+------------------------+
Note: In order to hide this table in the UI and the text report file, please set the "Show Parameter Settings Tables in Synthesis Report" option in "Analysis and Synthesis Settings -> More Settings" to "Off".


+-------------------------------+
; Analysis & Synthesis Messages ;
+-------------------------------+
Info: *******************************************************************
Info: Running Quartus II 64-Bit Analysis & Synthesis
    Info: Version 9.1 Build 350 03/24/2010 Service Pack 2 SJ Full Version
    Info: Processing started: Wed Mar 12 17:13:10 2014
Info: Command: quartus_map --read_settings_files=on --write_settings_files=off Lab9 -c Lab9
Info: Parallel compilation is enabled and will use 2 of the 2 processors detected
Info: Found 2 design units, including 1 entities, in source file controlunit.vhd
    Info: Found design unit 1: controlUnit-behavior
    Info: Found entity 1: controlUnit
Info: Elaborating entity "controlUnit" for the top level hierarchy
Info: Inferred 1 megafunctions from design logic
    Info: Inferred divider/modulo megafunction ("lpm_divide") from the following logic: "Mod0"
Info: Elaborated megafunction instantiation "lpm_divide:Mod0"
Info: Instantiated megafunction "lpm_divide:Mod0" with the following parameter:
    Info: Parameter "LPM_WIDTHN" = "32"
    Info: Parameter "LPM_WIDTHD" = "32"
    Info: Parameter "LPM_NREPRESENTATION" = "SIGNED"
    Info: Parameter "LPM_DREPRESENTATION" = "SIGNED"
    Info: Parameter "LPM_HINT" = "LPM_REMAINDERPOSITIVE=FALSE"
Info: Found 1 design units, including 1 entities, in source file db/lpm_divide_smo.tdf
    Info: Found entity 1: lpm_divide_smo
Info: Found 1 design units, including 1 entities, in source file db/abs_divider_4dg.tdf
    Info: Found entity 1: abs_divider_4dg
Info: Found 1 design units, including 1 entities, in source file db/alt_u_div_m6f.tdf
    Info: Found entity 1: alt_u_div_m6f
Info: Found 1 design units, including 1 entities, in source file db/lpm_abs_2t9.tdf
    Info: Found entity 1: lpm_abs_2t9
Warning: Output pins are stuck at VCC or GND
    Warning (13410): Pin "c_select[0]" is stuck at VCC
    Warning (13410): Pin "c_select[1]" is stuck at GND
    Warning (13410): Pin "y_select[0]" is stuck at GND
    Warning (13410): Pin "y_select[1]" is stuck at GND
    Warning (13410): Pin "extend[0]" is stuck at GND
    Warning (13410): Pin "extend[1]" is stuck at GND
    Warning (13410): Pin "b_select" is stuck at GND
    Warning (13410): Pin "a_inv" is stuck at GND
    Warning (13410): Pin "ma_select" is stuck at VCC
    Warning (13410): Pin "mem_write" is stuck at GND
    Warning (13410): Pin "pc_select" is stuck at VCC
    Warning (13410): Pin "inc_select" is stuck at GND
Warning: Design contains 9 input pin(s) that do not drive logic
    Warning (15610): No output dependent on input pin "Cond[0]"
    Warning (15610): No output dependent on input pin "Cond[1]"
    Warning (15610): No output dependent on input pin "Cond[2]"
    Warning (15610): No output dependent on input pin "Cond[3]"
    Warning (15610): No output dependent on input pin "S"
    Warning (15610): No output dependent on input pin "N"
    Warning (15610): No output dependent on input pin "C"
    Warning (15610): No output dependent on input pin "V"
    Warning (15610): No output dependent on input pin "Z"
Info: Implemented 1710 device resources after synthesis - the final resource count might be different
    Info: Implemented 19 input pins
    Info: Implemented 19 output pins
    Info: Implemented 1672 logic cells
Info: Quartus II 64-Bit Analysis & Synthesis was successful. 0 errors, 23 warnings
    Info: Peak virtual memory: 377 megabytes
    Info: Processing ended: Wed Mar 12 17:13:27 2014
    Info: Elapsed time: 00:00:17
    Info: Total CPU time (on all processors): 00:00:15


