Flow report for Part3
Sun Feb 22 19:36:23 2015
Quartus II 32-bit Version 12.1 Build 177 11/07/2012 SJ Web Edition


---------------------
; Table of Contents ;
---------------------
  1. Legal Notice
  2. Flow Summary
  3. Flow Settings
  4. Flow Non-Default Global Settings
  5. Flow Elapsed Time
  6. Flow OS Summary
  7. Flow Log



----------------
; Legal Notice ;
----------------
Copyright (C) 1991-2012 Altera Corporation
Your use of Altera Corporation's design tools, logic functions 
and other software and tools, and its AMPP partner logic 
functions, and any output files from any of the foregoing 
(including device programming or simulation files), and any 
associated documentation or information are expressly subject 
to the terms and conditions of the Altera Program License 
Subscription Agreement, Altera MegaCore Function License 
Agreement, or other applicable license agreement, including, 
without limitation, that your use is for the sole purpose of 
programming logic devices manufactured by Altera and sold by 
Altera or its authorized distributors.  Please refer to the 
applicable agreement for further details.



+-------------------------------------------------------------------------------+
; Flow Summary                                                                  ;
+------------------------------------+------------------------------------------+
; Flow Status                        ; Successful - Sun Feb 22 19:36:23 2015    ;
; Quartus II 32-bit Version          ; 12.1 Build 177 11/07/2012 SJ Web Edition ;
; Revision Name                      ; Part3                                    ;
; Top-level Entity Name              ; Part3                                    ;
; Family                             ; Cyclone II                               ;
; Device                             ; EP2C20F484C7                             ;
; Timing Models                      ; Final                                    ;
; Total logic elements               ; 2,970 / 18,752 ( 16 % )                  ;
;     Total combinational functions  ; 2,795 / 18,752 ( 15 % )                  ;
;     Dedicated logic registers      ; 538 / 18,752 ( 3 % )                     ;
; Total registers                    ; 538                                      ;
; Total pins                         ; 185 / 315 ( 59 % )                       ;
; Total virtual pins                 ; 0                                        ;
; Total memory bits                  ; 98,304 / 239,616 ( 41 % )                ;
; Embedded Multiplier 9-bit elements ; 0 / 52 ( 0 % )                           ;
; Total PLLs                         ; 1 / 4 ( 25 % )                           ;
+------------------------------------+------------------------------------------+


+-----------------------------------------+
; Flow Settings                           ;
+-------------------+---------------------+
; Option            ; Setting             ;
+-------------------+---------------------+
; Start date & time ; 02/22/2015 19:35:07 ;
; Main task         ; Compilation         ;
; Revision Name     ; Part3               ;
+-------------------+---------------------+


+-------------------------------------------------------------------------------------------------------------------------------------+
; Flow Non-Default Global Settings                                                                                                    ;
+-------------------------------------+------------------------------------------------+---------------+-------------+----------------+
; Assignment Name                     ; Value                                          ; Default Value ; Entity Name ; Section Id     ;
+-------------------------------------+------------------------------------------------+---------------+-------------+----------------+
; COMPILER_SIGNATURE_ID               ; 44748154352498.142465530603648                 ; --            ; --          ; --             ;
; EDA_OUTPUT_DATA_FORMAT              ; Vhdl                                           ; --            ; --          ; eda_simulation ;
; EDA_SIMULATION_RUN_SCRIPT           ; Part3.do                                       ; --            ; --          ; eda_simulation ;
; EDA_SIMULATION_TOOL                 ; ModelSim-Altera (VHDL)                         ; <None>        ; --          ; --             ;
; EDA_TEST_BENCH_ENABLE_STATUS        ; COMMAND_MACRO_MODE                             ; --            ; --          ; eda_simulation ;
; IP_TOOL_NAME                        ; LPM_DECODE                                     ; --            ; --          ; --             ;
; IP_TOOL_NAME                        ; LPM_CLSHIFT                                    ; --            ; --          ; --             ;
; IP_TOOL_NAME                        ; LPM_MUX                                        ; --            ; --          ; --             ;
; IP_TOOL_NAME                        ; LPM_MUX                                        ; --            ; --          ; --             ;
; IP_TOOL_NAME                        ; LPM_CONSTANT                                   ; --            ; --          ; --             ;
; IP_TOOL_NAME                        ; LPM_MUX                                        ; --            ; --          ; --             ;
; IP_TOOL_NAME                        ; LPM_CONSTANT                                   ; --            ; --          ; --             ;
; IP_TOOL_VERSION                     ; 9.1                                            ; --            ; --          ; --             ;
; IP_TOOL_VERSION                     ; 9.1                                            ; --            ; --          ; --             ;
; IP_TOOL_VERSION                     ; 9.1                                            ; --            ; --          ; --             ;
; IP_TOOL_VERSION                     ; 9.1                                            ; --            ; --          ; --             ;
; IP_TOOL_VERSION                     ; 9.1                                            ; --            ; --          ; --             ;
; IP_TOOL_VERSION                     ; 9.1                                            ; --            ; --          ; --             ;
; IP_TOOL_VERSION                     ; 9.1                                            ; --            ; --          ; --             ;
; MAX_CORE_JUNCTION_TEMP              ; 85                                             ; --            ; --          ; --             ;
; MIN_CORE_JUNCTION_TEMP              ; 0                                              ; --            ; --          ; --             ;
; MISC_FILE                           ; Part3.dpf                                      ; --            ; --          ; --             ;
; MISC_FILE                           ; iodecoder.bsf                                  ; --            ; --          ; --             ;
; MISC_FILE                           ; iodecoder.cmp                                  ; --            ; --          ; --             ;
; MISC_FILE                           ; shift.bsf                                      ; --            ; --          ; --             ;
; MISC_FILE                           ; shift.cmp                                      ; --            ; --          ; --             ;
; MISC_FILE                           ; shift_sel.bsf                                  ; --            ; --          ; --             ;
; MISC_FILE                           ; shift_sel.cmp                                  ; --            ; --          ; --             ;
; MISC_FILE                           ; RB_select.bsf                                  ; --            ; --          ; --             ;
; MISC_FILE                           ; RB_select.cmp                                  ; --            ; --          ; --             ;
; MISC_FILE                           ; const0_4bit.bsf                                ; --            ; --          ; --             ;
; MISC_FILE                           ; const0_4bit.cmp                                ; --            ; --          ; --             ;
; MISC_FILE                           ; RA_select.bsf                                  ; --            ; --          ; --             ;
; MISC_FILE                           ; RA_select.cmp                                  ; --            ; --          ; --             ;
; MISC_FILE                           ; Documents/temp/Part5_042414_restored/Part3.dpf ; --            ; --          ; --             ;
; MISC_FILE                           ; const60.bsf                                    ; --            ; --          ; --             ;
; MISC_FILE                           ; const60.cmp                                    ; --            ; --          ; --             ;
; PARTITION_COLOR                     ; 16764057                                       ; --            ; --          ; Top            ;
; PARTITION_FITTER_PRESERVATION_LEVEL ; PLACEMENT_AND_ROUTING                          ; --            ; --          ; Top            ;
; PARTITION_NETLIST_TYPE              ; SOURCE                                         ; --            ; --          ; Top            ;
; SEARCH_PATH                         ; Documents/temp/Part5_042414_restored/          ; --            ; --          ; --             ;
; USE_GENERATED_PHYSICAL_CONSTRAINTS  ; Off                                            ; --            ; --          ; eda_blast_fpga ;
+-------------------------------------+------------------------------------------------+---------------+-------------+----------------+


+-------------------------------------------------------------------------------------------------------------------------------+
; Flow Elapsed Time                                                                                                             ;
+---------------------------+--------------+-------------------------+---------------------+------------------------------------+
; Module Name               ; Elapsed Time ; Average Processors Used ; Peak Virtual Memory ; Total CPU Time (on all processors) ;
+---------------------------+--------------+-------------------------+---------------------+------------------------------------+
; Analysis & Synthesis      ; 00:00:14     ; 1.0                     ; 423 MB              ; 00:00:14                           ;
; Fitter                    ; 00:00:43     ; 1.0                     ; 449 MB              ; 00:00:43                           ;
; Assembler                 ; 00:00:02     ; 1.0                     ; 360 MB              ; 00:00:02                           ;
; TimeQuest Timing Analyzer ; 00:00:08     ; 1.0                     ; 407 MB              ; 00:00:08                           ;
; EDA Netlist Writer        ; 00:00:03     ; 1.0                     ; 324 MB              ; 00:00:03                           ;
; Total                     ; 00:01:10     ; --                      ; --                  ; 00:01:10                           ;
+---------------------------+--------------+-------------------------+---------------------+------------------------------------+


+----------------------------------------------------------------------------------------+
; Flow OS Summary                                                                        ;
+---------------------------+------------------+-----------+------------+----------------+
; Module Name               ; Machine Hostname ; OS Name   ; OS Version ; Processor type ;
+---------------------------+------------------+-----------+------------+----------------+
; Analysis & Synthesis      ; NewBox           ; Windows 7 ; 6.2        ; x86_64         ;
; Fitter                    ; NewBox           ; Windows 7 ; 6.2        ; x86_64         ;
; Assembler                 ; NewBox           ; Windows 7 ; 6.2        ; x86_64         ;
; TimeQuest Timing Analyzer ; NewBox           ; Windows 7 ; 6.2        ; x86_64         ;
; EDA Netlist Writer        ; NewBox           ; Windows 7 ; 6.2        ; x86_64         ;
+---------------------------+------------------+-----------+------------+----------------+


------------
; Flow Log ;
------------
quartus_map --read_settings_files=on --write_settings_files=off project -c Part3
quartus_fit --read_settings_files=off --write_settings_files=off project -c Part3
quartus_asm --read_settings_files=off --write_settings_files=off project -c Part3
quartus_sta project -c Part3
quartus_eda --read_settings_files=off --write_settings_files=off project -c Part3



