Analysis & Synthesis report for Lab7
Wed Feb 26 17:26:23 2014
Quartus II 64-Bit Version 9.1 Build 350 03/24/2010 Service Pack 2 SJ Full Version


---------------------
; Table of Contents ;
---------------------
  1. Legal Notice
  2. Analysis & Synthesis Summary
  3. Analysis & Synthesis Settings
  4. Parallel Compilation
  5. Analysis & Synthesis Source Files Read
  6. Analysis & Synthesis Resource Usage Summary
  7. Analysis & Synthesis Resource Utilization by Entity
  8. General Register Statistics
  9. Analysis & Synthesis Messages



----------------
; Legal Notice ;
----------------
Copyright (C) 1991-2010 Altera Corporation
Your use of Altera Corporation's design tools, logic functions 
and other software and tools, and its AMPP partner logic 
functions, and any output files from any of the foregoing 
(including device programming or simulation files), and any 
associated documentation or information are expressly subject 
to the terms and conditions of the Altera Program License 
Subscription Agreement, Altera MegaCore Function License 
Agreement, or other applicable license agreement, including, 
without limitation, that your use is for the sole purpose of 
programming logic devices manufactured by Altera and sold by 
Altera or its authorized distributors.  Please refer to the 
applicable agreement for further details.



+-------------------------------------------------------------------------------+
; Analysis & Synthesis Summary                                                  ;
+-------------------------------+-----------------------------------------------+
; Analysis & Synthesis Status   ; Successful - Wed Feb 26 17:26:23 2014         ;
; Quartus II 64-Bit Version     ; 9.1 Build 350 03/24/2010 SP 2 SJ Full Version ;
; Revision Name                 ; Lab7                                          ;
; Top-level Entity Name         ; SixteenBitRippleCarryAdder                    ;
; Family                        ; Stratix II                                    ;
; Logic utilization             ; N/A                                           ;
;     Combinational ALUTs       ; 27                                            ;
;     Dedicated logic registers ; 0                                             ;
; Total registers               ; 0                                             ;
; Total pins                    ; 51                                            ;
; Total virtual pins            ; 0                                             ;
; Total block memory bits       ; 0                                             ;
; DSP block 9-bit elements      ; 0                                             ;
; Total PLLs                    ; 0                                             ;
; Total DLLs                    ; 0                                             ;
+-------------------------------+-----------------------------------------------+


+------------------------------------------------------------------------------------------------------------------------------+
; Analysis & Synthesis Settings                                                                                                ;
+----------------------------------------------------------------------------+----------------------------+--------------------+
; Option                                                                     ; Setting                    ; Default Value      ;
+----------------------------------------------------------------------------+----------------------------+--------------------+
; Top-level entity name                                                      ; SixteenBitRippleCarryAdder ; Lab7               ;
; Family name                                                                ; Stratix II                 ; Stratix II         ;
; Type of Retiming Performed During Resynthesis                              ; Full                       ;                    ;
; Resynthesis Optimization Effort                                            ; Normal                     ;                    ;
; Physical Synthesis Level for Resynthesis                                   ; Normal                     ;                    ;
; Use Generated Physical Constraints File                                    ; Off                        ;                    ;
; Use smart compilation                                                      ; Off                        ; Off                ;
; Enable parallel Assembler and TimeQuest Timing Analyzer during compilation ; On                         ; On                 ;
; Enable compact report table                                                ; Off                        ; Off                ;
; Restructure Multiplexers                                                   ; Auto                       ; Auto               ;
; Create Debugging Nodes for IP Cores                                        ; Off                        ; Off                ;
; Preserve fewer node names                                                  ; On                         ; On                 ;
; Disable OpenCore Plus hardware evaluation                                  ; Off                        ; Off                ;
; Verilog Version                                                            ; Verilog_2001               ; Verilog_2001       ;
; VHDL Version                                                               ; VHDL_1993                  ; VHDL_1993          ;
; State Machine Processing                                                   ; Auto                       ; Auto               ;
; Safe State Machine                                                         ; Off                        ; Off                ;
; Extract Verilog State Machines                                             ; On                         ; On                 ;
; Extract VHDL State Machines                                                ; On                         ; On                 ;
; Ignore Verilog initial constructs                                          ; Off                        ; Off                ;
; Iteration limit for constant Verilog loops                                 ; 5000                       ; 5000               ;
; Iteration limit for non-constant Verilog loops                             ; 250                        ; 250                ;
; Add Pass-Through Logic to Inferred RAMs                                    ; On                         ; On                 ;
; Parallel Synthesis                                                         ; On                         ; On                 ;
; DSP Block Balancing                                                        ; Auto                       ; Auto               ;
; NOT Gate Push-Back                                                         ; On                         ; On                 ;
; Power-Up Don't Care                                                        ; On                         ; On                 ;
; Remove Redundant Logic Cells                                               ; Off                        ; Off                ;
; Remove Duplicate Registers                                                 ; On                         ; On                 ;
; Ignore CARRY Buffers                                                       ; Off                        ; Off                ;
; Ignore CASCADE Buffers                                                     ; Off                        ; Off                ;
; Ignore GLOBAL Buffers                                                      ; Off                        ; Off                ;
; Ignore ROW GLOBAL Buffers                                                  ; Off                        ; Off                ;
; Ignore LCELL Buffers                                                       ; Off                        ; Off                ;
; Ignore SOFT Buffers                                                        ; On                         ; On                 ;
; Limit AHDL Integers to 32 Bits                                             ; Off                        ; Off                ;
; Optimization Technique                                                     ; Balanced                   ; Balanced           ;
; Carry Chain Length                                                         ; 70                         ; 70                 ;
; Auto Carry Chains                                                          ; On                         ; On                 ;
; Auto Open-Drain Pins                                                       ; On                         ; On                 ;
; Perform WYSIWYG Primitive Resynthesis                                      ; Off                        ; Off                ;
; Auto ROM Replacement                                                       ; On                         ; On                 ;
; Auto RAM Replacement                                                       ; On                         ; On                 ;
; Auto DSP Block Replacement                                                 ; On                         ; On                 ;
; Auto Shift Register Replacement                                            ; Auto                       ; Auto               ;
; Auto Clock Enable Replacement                                              ; On                         ; On                 ;
; Strict RAM Replacement                                                     ; Off                        ; Off                ;
; Allow Synchronous Control Signals                                          ; On                         ; On                 ;
; Force Use of Synchronous Clear Signals                                     ; Off                        ; Off                ;
; Auto RAM Block Balancing                                                   ; On                         ; On                 ;
; Auto RAM to Logic Cell Conversion                                          ; Off                        ; Off                ;
; Auto Resource Sharing                                                      ; Off                        ; Off                ;
; Allow Any RAM Size For Recognition                                         ; Off                        ; Off                ;
; Allow Any ROM Size For Recognition                                         ; Off                        ; Off                ;
; Allow Any Shift Register Size For Recognition                              ; Off                        ; Off                ;
; Use LogicLock Constraints during Resource Balancing                        ; On                         ; On                 ;
; Ignore translate_off and synthesis_off directives                          ; Off                        ; Off                ;
; Timing-Driven Synthesis                                                    ; Off                        ; Off                ;
; Show Parameter Settings Tables in Synthesis Report                         ; On                         ; On                 ;
; Ignore Maximum Fan-Out Assignments                                         ; Off                        ; Off                ;
; Synchronization Register Chain Length                                      ; 2                          ; 2                  ;
; PowerPlay Power Optimization                                               ; Normal compilation         ; Normal compilation ;
; HDL message level                                                          ; Level2                     ; Level2             ;
; Suppress Register Optimization Related Messages                            ; Off                        ; Off                ;
; Number of Removed Registers Reported in Synthesis Report                   ; 5000                       ; 5000               ;
; Number of Inverted Registers Reported in Synthesis Report                  ; 100                        ; 100                ;
; Clock MUX Protection                                                       ; On                         ; On                 ;
; Auto Gated Clock Conversion                                                ; Off                        ; Off                ;
; Block Design Naming                                                        ; Auto                       ; Auto               ;
; SDC constraint protection                                                  ; Off                        ; Off                ;
; Synthesis Effort                                                           ; Auto                       ; Auto               ;
; Shift Register Replacement - Allow Asynchronous Clear Signal               ; On                         ; On                 ;
; Analysis & Synthesis Message Level                                         ; Medium                     ; Medium             ;
; Disable Register Merging Across Hierarchies                                ; Auto                       ; Auto               ;
; Resource Aware Inference For Block RAM                                     ; On                         ; On                 ;
+----------------------------------------------------------------------------+----------------------------+--------------------+


+------------------------------------------+
; Parallel Compilation                     ;
+----------------------------+-------------+
; Processors                 ; Number      ;
+----------------------------+-------------+
; Number detected on machine ; 2           ;
; Maximum allowed            ; 2           ;
;                            ;             ;
; Average used               ; 1.00        ;
; Maximum used               ; 1           ;
;                            ;             ;
; Usage by Processor         ; % Time Used ;
;     1 processor            ; 100.0%      ;
;     2 processors           ;   0.0%      ;
+----------------------------+-------------+


+---------------------------------------------------------------------------------------------------------------+
; Analysis & Synthesis Source Files Read                                                                        ;
+----------------------------------+-----------------+-----------------+----------------------------------------+
; File Name with User-Entered Path ; Used in Netlist ; File Type       ; File Name with Absolute Path           ;
+----------------------------------+-----------------+-----------------+----------------------------------------+
; SixteenBitRippleCarryAdder.vhd   ; yes             ; User VHDL File  ; C:/Lab7/SixteenBitRippleCarryAdder.vhd ;
; FullAdder.vhd                    ; yes             ; User VHDL File  ; C:/Lab7/FullAdder.vhd                  ;
+----------------------------------+-----------------+-----------------+----------------------------------------+


+-------------------------------------------------------------------------+
; Analysis & Synthesis Resource Usage Summary                             ;
+-----------------------------------------------+-------------------------+
; Resource                                      ; Usage                   ;
+-----------------------------------------------+-------------------------+
; Estimated ALUTs Used                          ; 27                      ;
; Dedicated logic registers                     ; 0                       ;
;                                               ;                         ;
; Estimated ALUTs Unavailable                   ; 4                       ;
;                                               ;                         ;
; Total combinational functions                 ; 27                      ;
; Combinational ALUT usage by number of inputs  ;                         ;
;     -- 7 input functions                      ; 0                       ;
;     -- 6 input functions                      ; 4                       ;
;     -- 5 input functions                      ; 11                      ;
;     -- 4 input functions                      ; 1                       ;
;     -- <=3 input functions                    ; 11                      ;
;                                               ;                         ;
; Combinational ALUTs by mode                   ;                         ;
;     -- normal mode                            ; 27                      ;
;     -- extended LUT mode                      ; 0                       ;
;     -- arithmetic mode                        ; 0                       ;
;     -- shared arithmetic mode                 ; 0                       ;
;                                               ;                         ;
; Estimated ALUT/register pairs used            ; 31                      ;
;                                               ;                         ;
; Total registers                               ; 0                       ;
;     -- Dedicated logic registers              ; 0                       ;
;     -- I/O registers                          ; 0                       ;
;                                               ;                         ;
; Estimated ALMs:  partially or completely used ; 16                      ;
;                                               ;                         ;
; I/O pins                                      ; 51                      ;
; Maximum fan-out node                          ; FullAdder:adder9|Cout~0 ;
; Maximum fan-out                               ; 4                       ;
; Total fan-out                                 ; 131                     ;
; Average fan-out                               ; 1.68                    ;
+-----------------------------------------------+-------------------------+


+--------------------------------------------------------------------------------------------------------------------------------------------------------------------------------------------------------------------------+
; Analysis & Synthesis Resource Utilization by Entity                                                                                                                                                                      ;
+-----------------------------+-------------------+--------------+-------------------+--------------+---------+-----------+-----------+------+--------------+-----------------------------------------------+--------------+
; Compilation Hierarchy Node  ; LC Combinationals ; LC Registers ; Block Memory Bits ; DSP Elements ; DSP 9x9 ; DSP 18x18 ; DSP 36x36 ; Pins ; Virtual Pins ; Full Hierarchy Name                           ; Library Name ;
+-----------------------------+-------------------+--------------+-------------------+--------------+---------+-----------+-----------+------+--------------+-----------------------------------------------+--------------+
; |SixteenBitRippleCarryAdder ; 27 (0)            ; 0 (0)        ; 0                 ; 0            ; 0       ; 0         ; 0         ; 51   ; 0            ; |SixteenBitRippleCarryAdder                   ; work         ;
;    |FullAdder:adder0|       ; 1 (1)             ; 0 (0)        ; 0                 ; 0            ; 0       ; 0         ; 0         ; 0    ; 0            ; |SixteenBitRippleCarryAdder|FullAdder:adder0  ;              ;
;    |FullAdder:adder10|      ; 1 (1)             ; 0 (0)        ; 0                 ; 0            ; 0       ; 0         ; 0         ; 0    ; 0            ; |SixteenBitRippleCarryAdder|FullAdder:adder10 ; work         ;
;    |FullAdder:adder11|      ; 1 (1)             ; 0 (0)        ; 0                 ; 0            ; 0       ; 0         ; 0         ; 0    ; 0            ; |SixteenBitRippleCarryAdder|FullAdder:adder11 ; work         ;
;    |FullAdder:adder12|      ; 5 (5)             ; 0 (0)        ; 0                 ; 0            ; 0       ; 0         ; 0         ; 0    ; 0            ; |SixteenBitRippleCarryAdder|FullAdder:adder12 ; work         ;
;    |FullAdder:adder13|      ; 1 (1)             ; 0 (0)        ; 0                 ; 0            ; 0       ; 0         ; 0         ; 0    ; 0            ; |SixteenBitRippleCarryAdder|FullAdder:adder13 ; work         ;
;    |FullAdder:adder14|      ; 2 (2)             ; 0 (0)        ; 0                 ; 0            ; 0       ; 0         ; 0         ; 0    ; 0            ; |SixteenBitRippleCarryAdder|FullAdder:adder14 ; work         ;
;    |FullAdder:adder15|      ; 2 (2)             ; 0 (0)        ; 0                 ; 0            ; 0       ; 0         ; 0         ; 0    ; 0            ; |SixteenBitRippleCarryAdder|FullAdder:adder15 ; work         ;
;    |FullAdder:adder1|       ; 2 (2)             ; 0 (0)        ; 0                 ; 0            ; 0       ; 0         ; 0         ; 0    ; 0            ; |SixteenBitRippleCarryAdder|FullAdder:adder1  ;              ;
;    |FullAdder:adder2|       ; 1 (1)             ; 0 (0)        ; 0                 ; 0            ; 0       ; 0         ; 0         ; 0    ; 0            ; |SixteenBitRippleCarryAdder|FullAdder:adder2  ; work         ;
;    |FullAdder:adder3|       ; 2 (2)             ; 0 (0)        ; 0                 ; 0            ; 0       ; 0         ; 0         ; 0    ; 0            ; |SixteenBitRippleCarryAdder|FullAdder:adder3  ; work         ;
;    |FullAdder:adder4|       ; 1 (1)             ; 0 (0)        ; 0                 ; 0            ; 0       ; 0         ; 0         ; 0    ; 0            ; |SixteenBitRippleCarryAdder|FullAdder:adder4  ; work         ;
;    |FullAdder:adder5|       ; 2 (2)             ; 0 (0)        ; 0                 ; 0            ; 0       ; 0         ; 0         ; 0    ; 0            ; |SixteenBitRippleCarryAdder|FullAdder:adder5  ; work         ;
;    |FullAdder:adder6|       ; 1 (1)             ; 0 (0)        ; 0                 ; 0            ; 0       ; 0         ; 0         ; 0    ; 0            ; |SixteenBitRippleCarryAdder|FullAdder:adder6  ; work         ;
;    |FullAdder:adder7|       ; 2 (2)             ; 0 (0)        ; 0                 ; 0            ; 0       ; 0         ; 0         ; 0    ; 0            ; |SixteenBitRippleCarryAdder|FullAdder:adder7  ; work         ;
;    |FullAdder:adder8|       ; 1 (1)             ; 0 (0)        ; 0                 ; 0            ; 0       ; 0         ; 0         ; 0    ; 0            ; |SixteenBitRippleCarryAdder|FullAdder:adder8  ; work         ;
;    |FullAdder:adder9|       ; 2 (2)             ; 0 (0)        ; 0                 ; 0            ; 0       ; 0         ; 0         ; 0    ; 0            ; |SixteenBitRippleCarryAdder|FullAdder:adder9  ; work         ;
+-----------------------------+-------------------+--------------+-------------------+--------------+---------+-----------+-----------+------+--------------+-----------------------------------------------+--------------+
Note: For table entries with two numbers listed, the numbers in parentheses indicate the number of resources of the given type used by the specific entity alone. The numbers listed outside of parentheses indicate the total resources of the given type used by the specific entity and all of its sub-entities in the hierarchy.


+------------------------------------------------------+
; General Register Statistics                          ;
+----------------------------------------------+-------+
; Statistic                                    ; Value ;
+----------------------------------------------+-------+
; Total registers                              ; 0     ;
; Number of registers using Synchronous Clear  ; 0     ;
; Number of registers using Synchronous Load   ; 0     ;
; Number of registers using Asynchronous Clear ; 0     ;
; Number of registers using Asynchronous Load  ; 0     ;
; Number of registers using Clock Enable       ; 0     ;
; Number of registers using Preset             ; 0     ;
+----------------------------------------------+-------+


+-------------------------------+
; Analysis & Synthesis Messages ;
+-------------------------------+
Info: *******************************************************************
Info: Running Quartus II 64-Bit Analysis & Synthesis
    Info: Version 9.1 Build 350 03/24/2010 Service Pack 2 SJ Full Version
    Info: Processing started: Wed Feb 26 17:26:22 2014
Info: Command: quartus_map --read_settings_files=on --write_settings_files=off Lab7 -c Lab7
Info: Parallel compilation is enabled and will use 2 of the 2 processors detected
Info: Found 2 design units, including 1 entities, in source file sixteenbitripplecarryadder.vhd
    Info: Found design unit 1: SixteenBitRippleCarryAdder-behavior
    Info: Found entity 1: SixteenBitRippleCarryAdder
Info: Found 2 design units, including 1 entities, in source file fulladder.vhd
    Info: Found design unit 1: FullAdder-behavior
    Info: Found entity 1: FullAdder
Info: Elaborating entity "SixteenBitRippleCarryAdder" for the top level hierarchy
Info: Elaborating entity "FullAdder" for hierarchy "FullAdder:adder0"
Warning: Ignored assignments for entity "Lab7" -- entity does not exist in design
    Warning: Assignment for entity set_global_assignment -name LL_ROOT_REGION ON -entity Lab7 -section_id "Root Region" was ignored
    Warning: Assignment for entity set_global_assignment -name LL_MEMBER_STATE LOCKED -entity Lab7 -section_id "Root Region" was ignored
Info: Implemented 78 device resources after synthesis - the final resource count might be different
    Info: Implemented 33 input pins
    Info: Implemented 18 output pins
    Info: Implemented 27 logic cells
Info: Quartus II 64-Bit Analysis & Synthesis was successful. 0 errors, 3 warnings
    Info: Peak virtual memory: 300 megabytes
    Info: Processing ended: Wed Feb 26 17:26:23 2014
    Info: Elapsed time: 00:00:01
    Info: Total CPU time (on all processors): 00:00:01


